<?xml version="1.0" encoding="UTF-8"?>
<coverage generated="1558639418916" clover="3.2.0">
  <project timestamp="1558639418916" name="All files">
    <metrics statements="51" coveredstatements="21" conditionals="2" coveredconditionals="1" methods="22" coveredmethods="8" elements="75" coveredelements="30" complexity="0" loc="51" ncloc="51" packages="4" files="4" classes="4"/>
    <package name="actions">
      <metrics statements="4" coveredstatements="1" conditionals="0" coveredconditionals="0" methods="3" coveredmethods="1"/>
      <file name="index.js" path="/Users/billwekesa/Desktop/practice/react/projectTwo/src/actions/index.js">
        <metrics statements="4" coveredstatements="1" conditionals="0" coveredconditionals="0" methods="3" coveredmethods="1"/>
        <line num="4" count="1" type="stmt"/>
        <line num="6" count="0" type="stmt"/>
        <line num="11" count="0" type="stmt"/>
        <line num="12" count="0" type="stmt"/>
      </file>
    </package>
    <package name="components.Auth">
      <metrics statements="16" coveredstatements="4" conditionals="0" coveredconditionals="0" methods="6" coveredmethods="1"/>
      <file name="auth.js" path="/Users/billwekesa/Desktop/practice/react/projectTwo/src/components/Auth/auth.js">
        <metrics statements="16" coveredstatements="4" conditionals="0" coveredconditionals="0" methods="6" coveredmethods="1"/>
        <line num="7" count="1" type="stmt"/>
        <line num="62" count="1" type="stmt"/>
        <line num="63" count="0" type="stmt"/>
        <line num="68" count="1" type="stmt"/>
        <line num="69" count="0" type="stmt"/>
        <line num="70" count="0" type="stmt"/>
        <line num="71" count="0" type="stmt"/>
        <line num="72" count="0" type="stmt"/>
        <line num="73" count="0" type="stmt"/>
        <line num="76" count="0" type="stmt"/>
        <line num="78" count="0" type="stmt"/>
        <line num="79" count="0" type="stmt"/>
        <line num="83" count="0" type="stmt"/>
        <line num="84" count="0" type="stmt"/>
        <line num="90" count="1" type="stmt"/>
        <line num="94" count="0" type="stmt"/>
      </file>
    </package>
    <package name="components.Home">
      <metrics statements="10" coveredstatements="7" conditionals="2" coveredconditionals="1" methods="6" coveredmethods="3"/>
      <file name="home.js" path="/Users/billwekesa/Desktop/practice/react/projectTwo/src/components/Home/home.js">
        <metrics statements="10" coveredstatements="7" conditionals="2" coveredconditionals="1" methods="6" coveredmethods="3"/>
        <line num="9" count="1" type="stmt"/>
        <line num="10" count="1" type="stmt"/>
        <line num="11" count="0" type="stmt"/>
        <line num="13" count="1" type="stmt"/>
        <line num="14" count="1" type="cond" truecount="1" falsecount="1"/>
        <line num="15" count="0" type="stmt"/>
        <line num="26" count="1" type="stmt"/>
        <line num="27" count="1" type="stmt"/>
        <line num="34" count="1" type="stmt"/>
        <line num="35" count="0" type="stmt"/>
      </file>
    </package>
    <package name="components.Signin">
      <metrics statements="21" coveredstatements="9" conditionals="0" coveredconditionals="0" methods="7" coveredmethods="3"/>
      <file name="signin.js" path="/Users/billwekesa/Desktop/practice/react/projectTwo/src/components/Signin/signin.js">
        <metrics statements="21" coveredstatements="9" conditionals="0" coveredconditionals="0" methods="7" coveredmethods="3"/>
        <line num="7" count="1" type="stmt"/>
        <line num="8" count="1" type="stmt"/>
        <line num="14" count="1" type="stmt"/>
        <line num="15" count="2" type="stmt"/>
        <line num="16" count="2" type="stmt"/>
        <line num="18" count="2" type="stmt"/>
        <line num="23" count="1" type="stmt"/>
        <line num="24" count="0" type="stmt"/>
        <line num="26" count="0" type="stmt"/>
        <line num="28" count="0" type="stmt"/>
        <line num="29" count="0" type="stmt"/>
        <line num="30" count="0" type="stmt"/>
        <line num="31" count="0" type="stmt"/>
        <line num="32" count="0" type="stmt"/>
        <line num="34" count="0" type="stmt"/>
        <line num="36" count="0" type="stmt"/>
        <line num="37" count="0" type="stmt"/>
        <line num="42" count="0" type="stmt"/>
        <line num="43" count="0" type="stmt"/>
        <line num="49" count="3" type="stmt"/>
        <line num="50" count="3" type="stmt"/>
      </file>
    </package>
  </project>
</coverage>
