{"/Users/billwekesa/Desktop/practice/react/projectTwo/src/actions/index.js": {"path":"/Users/billwekesa/Desktop/practice/react/projectTwo/src/actions/index.js","statementMap":{"0":{"start":{"line":4,"column":4},"end":{"line":7,"column":6}},"1":{"start":{"line":6,"column":8},"end":{"line":6,"column":28}},"2":{"start":{"line":11,"column":24},"end":{"line":11,"column":33}},"3":{"start":{"line":12,"column":4},"end":{"line":15,"column":5}}},"fnMap":{"0":{"name":"requestLogic","decl":{"start":{"line":3,"column":16},"end":{"line":3,"column":28}},"loc":{"start":{"line":3,"column":34},"end":{"line":8,"column":1}},"line":3},"1":{"name":"(anonymous_1)","decl":{"start":{"line":5,"column":10},"end":{"line":5,"column":11}},"loc":{"start":{"line":5,"column":22},"end":{"line":7,"column":5}},"line":5},"2":{"name":"meetupData","decl":{"start":{"line":10,"column":16},"end":{"line":10,"column":26}},"loc":{"start":{"line":10,"column":32},"end":{"line":16,"column":3}},"line":10}},"branchMap":{},"s":{"0":1,"1":0,"2":0,"3":0},"f":{"0":1,"1":0,"2":0},"b":{},"_coverageSchema":"43e27e138ebf9cfc5966b082cf9a028302ed4184","hash":"d66b9a5d9c7563de46dcf941f47e4712621a0eff"}
,"/Users/billwekesa/Desktop/practice/react/projectTwo/src/components/Auth/auth.js": {"path":"/Users/billwekesa/Desktop/practice/react/projectTwo/src/components/Auth/auth.js","statementMap":{"0":{"start":{"line":7,"column":10},"end":{"line":60,"column":3}},"1":{"start":{"line":62,"column":17},"end":{"line":66,"column":3}},"2":{"start":{"line":63,"column":4},"end":{"line":65,"column":6}},"3":{"start":{"line":68,"column":17},"end":{"line":87,"column":3}},"4":{"start":{"line":69,"column":4},"end":{"line":69,"column":24}},"5":{"start":{"line":70,"column":2},"end":{"line":70,"column":24}},"6":{"start":{"line":71,"column":25},"end":{"line":71,"column":27}},"7":{"start":{"line":72,"column":6},"end":{"line":74,"column":7}},"8":{"start":{"line":73,"column":10},"end":{"line":73,"column":62}},"9":{"start":{"line":76,"column":4},"end":{"line":86,"column":7}},"10":{"start":{"line":78,"column":8},"end":{"line":78,"column":25}},"11":{"start":{"line":79,"column":8},"end":{"line":79,"column":47}},"12":{"start":{"line":83,"column":12},"end":{"line":83,"column":29}},"13":{"start":{"line":84,"column":12},"end":{"line":84,"column":37}},"14":{"start":{"line":90,"column":4},"end":{"line":98,"column":5}},"15":{"start":{"line":94,"column":38},"end":{"line":94,"column":65}}},"fnMap":{"0":{"name":"(anonymous_0)","decl":{"start":{"line":62,"column":17},"end":{"line":62,"column":18}},"loc":{"start":{"line":62,"column":29},"end":{"line":66,"column":3}},"line":62},"1":{"name":"(anonymous_1)","decl":{"start":{"line":68,"column":17},"end":{"line":68,"column":18}},"loc":{"start":{"line":68,"column":26},"end":{"line":87,"column":3}},"line":68},"2":{"name":"(anonymous_2)","decl":{"start":{"line":77,"column":12},"end":{"line":77,"column":13}},"loc":{"start":{"line":77,"column":19},"end":{"line":80,"column":7}},"line":77},"3":{"name":"(anonymous_3)","decl":{"start":{"line":82,"column":10},"end":{"line":82,"column":11}},"loc":{"start":{"line":82,"column":15},"end":{"line":85,"column":11}},"line":82},"4":{"name":"(anonymous_4)","decl":{"start":{"line":89,"column":2},"end":{"line":89,"column":3}},"loc":{"start":{"line":89,"column":11},"end":{"line":99,"column":3}},"line":89},"5":{"name":"(anonymous_5)","decl":{"start":{"line":94,"column":26},"end":{"line":94,"column":27}},"loc":{"start":{"line":94,"column":38},"end":{"line":94,"column":65}},"line":94}},"branchMap":{},"s":{"0":1,"1":1,"2":0,"3":1,"4":0,"5":0,"6":0,"7":0,"8":0,"9":0,"10":0,"11":0,"12":0,"13":0,"14":1,"15":0},"f":{"0":0,"1":0,"2":0,"3":0,"4":1,"5":0},"b":{},"_coverageSchema":"43e27e138ebf9cfc5966b082cf9a028302ed4184","hash":"3f26bd314d6ba510886997d01e78662bd73954a4"}
,"/Users/billwekesa/Desktop/practice/react/projectTwo/src/components/Home/home.js": {"path":"/Users/billwekesa/Desktop/practice/react/projectTwo/src/components/Home/home.js","statementMap":{"0":{"start":{"line":9,"column":14},"end":{"line":9,"column":73}},"1":{"start":{"line":10,"column":4},"end":{"line":11,"column":50}},"2":{"start":{"line":11,"column":22},"end":{"line":11,"column":49}},"3":{"start":{"line":13,"column":17},"end":{"line":22,"column":3}},"4":{"start":{"line":14,"column":4},"end":{"line":21,"column":11}},"5":{"start":{"line":15,"column":6},"end":{"line":20,"column":12}},"6":{"start":{"line":26,"column":4},"end":{"line":26,"column":32}},"7":{"start":{"line":27,"column":4},"end":{"line":31,"column":5}},"8":{"start":{"line":34,"column":24},"end":{"line":38,"column":1}},"9":{"start":{"line":35,"column":2},"end":{"line":37,"column":3}}},"fnMap":{"0":{"name":"(anonymous_0)","decl":{"start":{"line":8,"column":2},"end":{"line":8,"column":3}},"loc":{"start":{"line":8,"column":22},"end":{"line":12,"column":3}},"line":8},"1":{"name":"(anonymous_1)","decl":{"start":{"line":11,"column":14},"end":{"line":11,"column":15}},"loc":{"start":{"line":11,"column":22},"end":{"line":11,"column":49}},"line":11},"2":{"name":"(anonymous_2)","decl":{"start":{"line":13,"column":17},"end":{"line":13,"column":18}},"loc":{"start":{"line":14,"column":4},"end":{"line":21,"column":11}},"line":14},"3":{"name":"(anonymous_3)","decl":{"start":{"line":14,"column":18},"end":{"line":14,"column":19}},"loc":{"start":{"line":15,"column":6},"end":{"line":20,"column":12}},"line":15},"4":{"name":"(anonymous_4)","decl":{"start":{"line":25,"column":2},"end":{"line":25,"column":3}},"loc":{"start":{"line":25,"column":11},"end":{"line":32,"column":3}},"line":25},"5":{"name":"(anonymous_5)","decl":{"start":{"line":34,"column":24},"end":{"line":34,"column":25}},"loc":{"start":{"line":34,"column":33},"end":{"line":38,"column":1}},"line":34}},"branchMap":{"0":{"loc":{"start":{"line":14,"column":4},"end":{"line":21,"column":11}},"type":"cond-expr","locations":[{"start":{"line":14,"column":10},"end":{"line":21,"column":6}},{"start":{"line":21,"column":7},"end":{"line":21,"column":11}}],"line":14}},"s":{"0":1,"1":1,"2":0,"3":1,"4":1,"5":0,"6":1,"7":1,"8":1,"9":0},"f":{"0":1,"1":0,"2":1,"3":0,"4":1,"5":0},"b":{"0":[0,1]},"_coverageSchema":"43e27e138ebf9cfc5966b082cf9a028302ed4184","hash":"4cb9947c9dab1c562aec1d095449851c1ccba789"}
,"/Users/billwekesa/Desktop/practice/react/projectTwo/src/components/Signin/signin.js": {"path":"/Users/billwekesa/Desktop/practice/react/projectTwo/src/components/Signin/signin.js","statementMap":{"0":{"start":{"line":7,"column":8},"end":{"line":7,"column":21}},"1":{"start":{"line":8,"column":8},"end":{"line":11,"column":9}},"2":{"start":{"line":14,"column":17},"end":{"line":21,"column":3}},"3":{"start":{"line":15,"column":17},"end":{"line":15,"column":34}},"4":{"start":{"line":16,"column":18},"end":{"line":16,"column":36}},"5":{"start":{"line":18,"column":4},"end":{"line":20,"column":7}},"6":{"start":{"line":23,"column":17},"end":{"line":46,"column":3}},"7":{"start":{"line":24,"column":4},"end":{"line":24,"column":27}},"8":{"start":{"line":26,"column":19},"end":{"line":26,"column":31}},"9":{"start":{"line":28,"column":4},"end":{"line":28,"column":50}},"10":{"start":{"line":29,"column":4},"end":{"line":29,"column":50}},"11":{"start":{"line":30,"column":14},"end":{"line":30,"column":16}},"12":{"start":{"line":31,"column":4},"end":{"line":33,"column":7}},"13":{"start":{"line":32,"column":8},"end":{"line":32,"column":24}},"14":{"start":{"line":34,"column":4},"end":{"line":45,"column":7}},"15":{"start":{"line":36,"column":8},"end":{"line":36,"column":62}},"16":{"start":{"line":37,"column":8},"end":{"line":37,"column":40}},"17":{"start":{"line":42,"column":12},"end":{"line":42,"column":43}},"18":{"start":{"line":43,"column":12},"end":{"line":43,"column":37}},"19":{"start":{"line":49,"column":18},"end":{"line":49,"column":28}},"20":{"start":{"line":50,"column":4},"end":{"line":62,"column":5}}},"fnMap":{"0":{"name":"(anonymous_0)","decl":{"start":{"line":6,"column":4},"end":{"line":6,"column":5}},"loc":{"start":{"line":6,"column":23},"end":{"line":12,"column":5}},"line":6},"1":{"name":"(anonymous_1)","decl":{"start":{"line":14,"column":17},"end":{"line":14,"column":18}},"loc":{"start":{"line":14,"column":26},"end":{"line":21,"column":3}},"line":14},"2":{"name":"(anonymous_2)","decl":{"start":{"line":23,"column":17},"end":{"line":23,"column":18}},"loc":{"start":{"line":23,"column":26},"end":{"line":46,"column":3}},"line":23},"3":{"name":"(anonymous_3)","decl":{"start":{"line":31,"column":21},"end":{"line":31,"column":22}},"loc":{"start":{"line":31,"column":35},"end":{"line":33,"column":5}},"line":31},"4":{"name":"(anonymous_4)","decl":{"start":{"line":35,"column":12},"end":{"line":35,"column":13}},"loc":{"start":{"line":35,"column":19},"end":{"line":39,"column":7}},"line":35},"5":{"name":"(anonymous_5)","decl":{"start":{"line":41,"column":10},"end":{"line":41,"column":11}},"loc":{"start":{"line":41,"column":15},"end":{"line":44,"column":11}},"line":41},"6":{"name":"(anonymous_6)","decl":{"start":{"line":48,"column":2},"end":{"line":48,"column":3}},"loc":{"start":{"line":48,"column":11},"end":{"line":63,"column":3}},"line":48}},"branchMap":{},"s":{"0":1,"1":1,"2":1,"3":2,"4":2,"5":2,"6":1,"7":0,"8":0,"9":0,"10":0,"11":0,"12":0,"13":0,"14":0,"15":0,"16":0,"17":0,"18":0,"19":3,"20":3},"f":{"0":1,"1":2,"2":0,"3":0,"4":0,"5":0,"6":3},"b":{},"_coverageSchema":"43e27e138ebf9cfc5966b082cf9a028302ed4184","hash":"db995b332903dd266d87deae4d9c5df90634fc18"}
}
