TN:
SF:/Users/billwekesa/Desktop/practice/react/projectTwo/src/actions/index.js
FN:3,requestLogic
FN:5,(anonymous_1)
FN:10,meetupData
FNF:3
FNH:1
FNDA:1,requestLogic
FNDA:0,(anonymous_1)
FNDA:0,meetupData
DA:4,1
DA:6,0
DA:11,0
DA:12,0
LF:4
LH:1
BRF:0
BRH:0
end_of_record
TN:
SF:/Users/billwekesa/Desktop/practice/react/projectTwo/src/components/Auth/auth.js
FN:62,(anonymous_0)
FN:68,(anonymous_1)
FN:77,(anonymous_2)
FN:82,(anonymous_3)
FN:89,(anonymous_4)
FN:94,(anonymous_5)
FNF:6
FNH:1
FNDA:0,(anonymous_0)
FNDA:0,(anonymous_1)
FNDA:0,(anonymous_2)
FNDA:0,(anonymous_3)
FNDA:1,(anonymous_4)
FNDA:0,(anonymous_5)
DA:7,1
DA:62,1
DA:63,0
DA:68,1
DA:69,0
DA:70,0
DA:71,0
DA:72,0
DA:73,0
DA:76,0
DA:78,0
DA:79,0
DA:83,0
DA:84,0
DA:90,1
DA:94,0
LF:16
LH:4
BRF:0
BRH:0
end_of_record
TN:
SF:/Users/billwekesa/Desktop/practice/react/projectTwo/src/components/Home/home.js
FN:8,(anonymous_0)
FN:11,(anonymous_1)
FN:13,(anonymous_2)
FN:14,(anonymous_3)
FN:25,(anonymous_4)
FN:34,(anonymous_5)
FNF:6
FNH:3
FNDA:1,(anonymous_0)
FNDA:0,(anonymous_1)
FNDA:1,(anonymous_2)
FNDA:0,(anonymous_3)
FNDA:1,(anonymous_4)
FNDA:0,(anonymous_5)
DA:9,1
DA:10,1
DA:11,0
DA:13,1
DA:14,1
DA:15,0
DA:26,1
DA:27,1
DA:34,1
DA:35,0
LF:10
LH:7
BRDA:14,0,0,0
BRDA:14,0,1,1
BRF:2
BRH:1
end_of_record
TN:
SF:/Users/billwekesa/Desktop/practice/react/projectTwo/src/components/Signin/signin.js
FN:6,(anonymous_0)
FN:14,(anonymous_1)
FN:23,(anonymous_2)
FN:31,(anonymous_3)
FN:35,(anonymous_4)
FN:41,(anonymous_5)
FN:48,(anonymous_6)
FNF:7
FNH:3
FNDA:1,(anonymous_0)
FNDA:2,(anonymous_1)
FNDA:0,(anonymous_2)
FNDA:0,(anonymous_3)
FNDA:0,(anonymous_4)
FNDA:0,(anonymous_5)
FNDA:3,(anonymous_6)
DA:7,1
DA:8,1
DA:14,1
DA:15,2
DA:16,2
DA:18,2
DA:23,1
DA:24,0
DA:26,0
DA:28,0
DA:29,0
DA:30,0
DA:31,0
DA:32,0
DA:34,0
DA:36,0
DA:37,0
DA:42,0
DA:43,0
DA:49,3
DA:50,3
LF:21
LH:9
BRF:0
BRH:0
end_of_record
